<?xml version="1.0" encoding="UTF-8"?>
<!-- Generated by org.testng.reporters.JUnitXMLReporter -->
<testsuite ignored="0" hostname="DESKTOP-9DU9441" failures="0" tests="1" name="Test" time="0.177" errors="0" timestamp="2023-12-02T14:22:00 IST">
  <testcase classname="com.seleniumproject.pageobject.Baseclass" name="@BeforeSuite setReport" time="0.477">
    <failure type="java.nio.file.InvalidPathException" message="Illegal char &amp;lt;:&amp;gt; at index 79: C:\Users\Anurag\eclipse-workspace\seleniumdemo\reports\htmlreports2023-12-02T14:22:00.346704.html">
      <![CDATA[java.nio.file.InvalidPathException: Illegal char <:> at index 79: C:\Users\Anurag\eclipse-workspace\seleniumdemo\reports\htmlreports2023-12-02T14:22:00.346704.html
at java.base/sun.nio.fs.WindowsPathParser.normalize(WindowsPathParser.java:182)
at java.base/sun.nio.fs.WindowsPathParser.parse(WindowsPathParser.java:153)
at java.base/sun.nio.fs.WindowsPathParser.parse(WindowsPathParser.java:77)
at java.base/sun.nio.fs.WindowsPath.parse(WindowsPath.java:92)
at java.base/sun.nio.fs.WindowsFileSystem.getPath(WindowsFileSystem.java:232)
at java.base/java.io.File.toPath(File.java:2398)
at com.aventstack.extentreports.reporter.AbstractFileReporter.<init>(AbstractFileReporter.java:40)
at com.aventstack.extentreports.reporter.ExtentSparkReporter.<init>(ExtentSparkReporter.java:51)
at com.seleniumproject.pageobject.Baseclass.setReport(Baseclass.java:44)
... Removed 17 stack frames]]>
    </failure>
  </testcase> <!-- @BeforeSuite setReport -->
  <testcase classname="com.seleniumproject.pageobject.Baseclass" name="@BeforeMethod setup" time="0.0">
    <skipped/>
  </testcase> <!-- @BeforeMethod setup -->
  <testcase classname="com.seleniumproject.pageobject.Baseclass" name="@AfterMethod browserclose" time="0.0">
    <skipped/>
  </testcase> <!-- @AfterMethod browserclose -->
  <testcase classname="com.seleniumproject.testclass.TC_001_loginTest" name="loginTest" time="0.0">
    <skipped/>
  </testcase> <!-- loginTest -->
</testsuite> <!-- Test -->
